<?xml version="1.0" encoding="UTF-8"?>
<testng-results skipped="0" failed="0" total="1" passed="1">
  <reporter-output>
  </reporter-output>
  <suite name="Surefire suite" duration-ms="740" started-at="2016-08-09T16:52:01Z" finished-at="2016-08-09T16:52:02Z">
    <groups>
    </groups>
    <test name="Surefire test" duration-ms="740" started-at="2016-08-09T16:52:01Z" finished-at="2016-08-09T16:52:02Z">
      <class name="za.ac.cput.AppTest">
        <test-method status="PASS" signature="testApp()[pri:0, instance:testApp(za.ac.cput.AppTest)]" name="testApp" duration-ms="35" started-at="2016-08-09T18:52:02Z" finished-at="2016-08-09T18:52:02Z">
          <reporter-output>
          </reporter-output>
        </test-method> <!-- testApp -->
      </class> <!-- za.ac.cput.AppTest -->
    </test> <!-- Surefire test -->
  </suite> <!-- Surefire suite -->
</testng-results>
